<?xml version="1.0" encoding="UTF-8"?>
<!-- Generated by org.testng.reporters.JUnitReportReporter -->
<testsuite hostname="USER" name="com.hrms.orangehrms.project.testcases.Admin_JobConfigTest" tests="17" failures="0" timestamp="7 Sep 2016 02:29:01 GMT" time="444.164" errors="0">
  <testcase name="addJobTitles" time="9.601" classname="com.hrms.orangehrms.project.testcases.Admin_JobConfigTest"/>
  <testcase name="editJobTitleTest" time="41.863" classname="com.hrms.orangehrms.project.testcases.Admin_JobConfigTest"/>
  <testcase name="addJobTitles" time="70.576" classname="com.hrms.orangehrms.project.testcases.Admin_JobConfigTest"/>
  <testcase name="addJobTitles" time="71.557" classname="com.hrms.orangehrms.project.testcases.Admin_JobConfigTest"/>
  <testcase name="deleteJobTitleTest" time="5.772" classname="com.hrms.orangehrms.project.testcases.Admin_JobConfigTest"/>
  <testcase name="addJobTitles" time="8.150" classname="com.hrms.orangehrms.project.testcases.Admin_JobConfigTest"/>
  <testcase name="deleteJobTitleTest" time="9.405" classname="com.hrms.orangehrms.project.testcases.Admin_JobConfigTest"/>
  <testcase name="addJobTitles" time="28.405" classname="com.hrms.orangehrms.project.testcases.Admin_JobConfigTest"/>
  <testcase name="addJobTitles" time="71.908" classname="com.hrms.orangehrms.project.testcases.Admin_JobConfigTest"/>
  <testcase name="editJobTitleTest" time="41.355" classname="com.hrms.orangehrms.project.testcases.Admin_JobConfigTest"/>
  <testcase name="editJobTitleTest" time="5.660" classname="com.hrms.orangehrms.project.testcases.Admin_JobConfigTest"/>
  <testcase name="deleteJobTitleTest" time="5.879" classname="com.hrms.orangehrms.project.testcases.Admin_JobConfigTest"/>
  <testcase name="editJobTitleTest" time="41.772" classname="com.hrms.orangehrms.project.testcases.Admin_JobConfigTest"/>
  <testcase name="editJobTitleTest" time="9.949" classname="com.hrms.orangehrms.project.testcases.Admin_JobConfigTest"/>
  <testcase name="addJobTitles" time="8.676" classname="com.hrms.orangehrms.project.testcases.Admin_JobConfigTest"/>
  <testcase name="editJobTitleTest" time="5.827" classname="com.hrms.orangehrms.project.testcases.Admin_JobConfigTest"/>
  <testcase name="editJobTitleTest" time="7.809" classname="com.hrms.orangehrms.project.testcases.Admin_JobConfigTest"/>
</testsuite> <!-- com.hrms.orangehrms.project.testcases.Admin_JobConfigTest -->
