<?xml version="1.0" encoding="UTF-8"?>
<!-- Generated by org.testng.reporters.JUnitReportReporter -->
<testsuite hostname="USER" name="com.hrms.orangehrms.project.testcases.Admin_JobConfigTest" tests="17" failures="0" timestamp="9 Sep 2016 02:22:31 GMT" time="623.578" errors="0">
  <testcase name="editJobTitleTest" time="7.730" classname="com.hrms.orangehrms.project.testcases.Admin_JobConfigTest"/>
  <testcase name="editJobTitleTest" time="42.041" classname="com.hrms.orangehrms.project.testcases.Admin_JobConfigTest"/>
  <testcase name="editJobTitleTest" time="41.599" classname="com.hrms.orangehrms.project.testcases.Admin_JobConfigTest"/>
  <testcase name="editJobTitleTest" time="41.446" classname="com.hrms.orangehrms.project.testcases.Admin_JobConfigTest"/>
  <testcase name="editJobTitleTest" time="5.708" classname="com.hrms.orangehrms.project.testcases.Admin_JobConfigTest"/>
  <testcase name="addJobTitles" time="100.339" classname="com.hrms.orangehrms.project.testcases.Admin_JobConfigTest"/>
  <testcase name="editJobTitleTest" time="41.292" classname="com.hrms.orangehrms.project.testcases.Admin_JobConfigTest"/>
  <testcase name="addJobTitles" time="38.050" classname="com.hrms.orangehrms.project.testcases.Admin_JobConfigTest"/>
  <testcase name="addJobTitles" time="38.167" classname="com.hrms.orangehrms.project.testcases.Admin_JobConfigTest"/>
  <testcase name="deleteJobTitleTest" time="5.595" classname="com.hrms.orangehrms.project.testcases.Admin_JobConfigTest"/>
  <testcase name="addJobTitles" time="59.098" classname="com.hrms.orangehrms.project.testcases.Admin_JobConfigTest"/>
  <testcase name="addJobTitles" time="71.925" classname="com.hrms.orangehrms.project.testcases.Admin_JobConfigTest"/>
  <testcase name="addJobTitles" time="38.265" classname="com.hrms.orangehrms.project.testcases.Admin_JobConfigTest"/>
  <testcase name="deleteJobTitleTest" time="5.646" classname="com.hrms.orangehrms.project.testcases.Admin_JobConfigTest"/>
  <testcase name="editJobTitleTest" time="5.637" classname="com.hrms.orangehrms.project.testcases.Admin_JobConfigTest"/>
  <testcase name="addJobTitles" time="71.603" classname="com.hrms.orangehrms.project.testcases.Admin_JobConfigTest"/>
  <testcase name="deleteJobTitleTest" time="9.437" classname="com.hrms.orangehrms.project.testcases.Admin_JobConfigTest"/>
</testsuite> <!-- com.hrms.orangehrms.project.testcases.Admin_JobConfigTest -->
