<?xml version="1.0" encoding="UTF-8"?>
<!-- Generated by org.testng.reporters.JUnitReportReporter -->
<testsuite hostname="USER" name="com.hrms.orangehrms.project.testcases.Admin_JobConfigTest" tests="2" failures="0" timestamp="1 Sep 2016 02:12:39 GMT" time="71.103" errors="0">
  <testcase name="addJobTitles" time="29.074" classname="com.hrms.orangehrms.project.testcases.Admin_JobConfigTest"/>
  <testcase name="addJobTitles" time="42.029" classname="com.hrms.orangehrms.project.testcases.Admin_JobConfigTest"/>
</testsuite> <!-- com.hrms.orangehrms.project.testcases.Admin_JobConfigTest -->
