<?xml version="1.0" encoding="UTF-8"?>
<!-- Generated by org.testng.reporters.JUnitReportReporter -->
<testsuite hostname="USER" name="com.hrms.orangehrms.project.testcases.Admin_JobConfigTest" tests="10" failures="0" timestamp="3 Sep 2016 03:08:13 GMT" time="124.104" errors="0">
  <testcase name="addJobTitles" time="42.476" classname="com.hrms.orangehrms.project.testcases.Admin_JobConfigTest"/>
  <testcase name="deleteJobTitleTest" time="9.329" classname="com.hrms.orangehrms.project.testcases.Admin_JobConfigTest"/>
  <testcase name="editJobTitleTest" time="7.853" classname="com.hrms.orangehrms.project.testcases.Admin_JobConfigTest"/>
  <testcase name="editJobTitleTest" time="5.578" classname="com.hrms.orangehrms.project.testcases.Admin_JobConfigTest"/>
  <testcase name="addJobTitles" time="7.630" classname="com.hrms.orangehrms.project.testcases.Admin_JobConfigTest"/>
  <testcase name="editJobTitleTest" time="7.837" classname="com.hrms.orangehrms.project.testcases.Admin_JobConfigTest"/>
  <testcase name="editJobTitleTest" time="5.673" classname="com.hrms.orangehrms.project.testcases.Admin_JobConfigTest"/>
  <testcase name="addJobTitles" time="26.532" classname="com.hrms.orangehrms.project.testcases.Admin_JobConfigTest"/>
  <testcase name="deleteJobTitleTest" time="5.515" classname="com.hrms.orangehrms.project.testcases.Admin_JobConfigTest"/>
  <testcase name="deleteJobTitleTest" time="5.681" classname="com.hrms.orangehrms.project.testcases.Admin_JobConfigTest"/>
</testsuite> <!-- com.hrms.orangehrms.project.testcases.Admin_JobConfigTest -->
